[2025-12-02T01:21:41.583+0000] {local_task_job_runner.py:120} INFO - ::group::Pre task execution logs
[2025-12-02T01:21:41.593+0000] {taskinstance.py:2076} INFO - Dependencies all met for dep_context=non-requeueable deps ti=<TaskInstance: Airflow_Employee_Productivity.load_model_task manual__2025-12-02T01:21:35.523504+00:00 [queued]>
[2025-12-02T01:21:41.597+0000] {taskinstance.py:2076} INFO - Dependencies all met for dep_context=requeueable deps ti=<TaskInstance: Airflow_Employee_Productivity.load_model_task manual__2025-12-02T01:21:35.523504+00:00 [queued]>
[2025-12-02T01:21:41.597+0000] {taskinstance.py:2306} INFO - Starting attempt 1 of 1
[2025-12-02T01:21:41.602+0000] {taskinstance.py:2330} INFO - Executing <Task(PythonOperator): load_model_task> on 2025-12-02 01:21:35.523504+00:00
[2025-12-02T01:21:41.608+0000] {warnings.py:112} WARNING - /home/***/.local/lib/python3.12/site-packages/***/task/task_runner/standard_task_runner.py:61: DeprecationWarning: This process (pid=160) is multi-threaded, use of fork() may lead to deadlocks in the child.
  pid = os.fork()

[2025-12-02T01:21:41.610+0000] {standard_task_runner.py:63} INFO - Started process 169 to run task
[2025-12-02T01:21:41.609+0000] {standard_task_runner.py:90} INFO - Running: ['***', 'tasks', 'run', 'Airflow_Employee_Productivity', 'load_model_task', 'manual__2025-12-02T01:21:35.523504+00:00', '--job-id', '20', '--raw', '--subdir', 'DAGS_FOLDER/***.py', '--cfg-path', '/tmp/tmp43pepfd1']
[2025-12-02T01:21:41.611+0000] {standard_task_runner.py:91} INFO - Job 20: Subtask load_model_task
[2025-12-02T01:21:41.632+0000] {task_command.py:426} INFO - Running <TaskInstance: Airflow_Employee_Productivity.load_model_task manual__2025-12-02T01:21:35.523504+00:00 [running]> on host a7657e52eaf0
[2025-12-02T01:21:41.665+0000] {taskinstance.py:2648} INFO - Exporting env vars: AIRFLOW_CTX_DAG_OWNER='Nishchay Linge Gowda' AIRFLOW_CTX_DAG_ID='Airflow_Employee_Productivity' AIRFLOW_CTX_TASK_ID='load_model_task' AIRFLOW_CTX_EXECUTION_DATE='2025-12-02T01:21:35.523504+00:00' AIRFLOW_CTX_TRY_NUMBER='1' AIRFLOW_CTX_DAG_RUN_ID='manual__2025-12-02T01:21:35.523504+00:00'
[2025-12-02T01:21:41.665+0000] {taskinstance.py:430} INFO - ::endgroup::
[2025-12-02T01:21:41.672+0000] {logging_mixin.py:188} INFO - Optimal K = 3
[2025-12-02T01:21:41.676+0000] {taskinstance.py:441} INFO - ::group::Post task execution logs
[2025-12-02T01:21:41.676+0000] {taskinstance.py:2905} ERROR - Task failed with exception
Traceback (most recent call last):
  File "/home/airflow/.local/lib/python3.12/site-packages/airflow/models/taskinstance.py", line 465, in _execute_task
    result = _execute_callable(context=context, **execute_callable_kwargs)
             ^^^^^^^^^^^^^^^^^^^^^^^^^^^^^^^^^^^^^^^^^^^^^^^^^^^^^^^^^^^^^
  File "/home/airflow/.local/lib/python3.12/site-packages/airflow/models/taskinstance.py", line 432, in _execute_callable
    return execute_callable(context=context, **execute_callable_kwargs)
           ^^^^^^^^^^^^^^^^^^^^^^^^^^^^^^^^^^^^^^^^^^^^^^^^^^^^^^^^^^^^
  File "/home/airflow/.local/lib/python3.12/site-packages/airflow/models/baseoperator.py", line 401, in wrapper
    return func(self, *args, **kwargs)
           ^^^^^^^^^^^^^^^^^^^^^^^^^^^
  File "/home/airflow/.local/lib/python3.12/site-packages/airflow/operators/python.py", line 235, in execute
    return_value = self.execute_callable()
                   ^^^^^^^^^^^^^^^^^^^^^^^
  File "/home/airflow/.local/lib/python3.12/site-packages/airflow/operators/python.py", line 252, in execute_callable
    return self.python_callable(*self.op_args, **self.op_kwargs)
           ^^^^^^^^^^^^^^^^^^^^^^^^^^^^^^^^^^^^^^^^^^^^^^^^^^^^^
  File "/opt/airflow/dags/src/lab.py", line 84, in load_model_elbow
    pred = model.predict(df_test[["Hours_Worked", "Tasks_Completed", "Errors_Made", "Productivity_Score"]])[0]
                         ~~~~~~~^^^^^^^^^^^^^^^^^^^^^^^^^^^^^^^^^^^^^^^^^^^^^^^^^^^^^^^^^^^^^^^^^^^^^^^^^^
  File "/home/airflow/.local/lib/python3.12/site-packages/pandas/core/frame.py", line 3899, in __getitem__
    indexer = self.columns._get_indexer_strict(key, "columns")[1]
              ^^^^^^^^^^^^^^^^^^^^^^^^^^^^^^^^^^^^^^^^^^^^^^^^
  File "/home/airflow/.local/lib/python3.12/site-packages/pandas/core/indexes/base.py", line 6115, in _get_indexer_strict
    self._raise_if_missing(keyarr, indexer, axis_name)
  File "/home/airflow/.local/lib/python3.12/site-packages/pandas/core/indexes/base.py", line 6176, in _raise_if_missing
    raise KeyError(f"None of [{key}] are in the [{axis_name}]")
KeyError: "None of [Index(['Hours_Worked', 'Tasks_Completed', 'Errors_Made', 'Productivity_Score'], dtype='object')] are in the [columns]"
[2025-12-02T01:21:41.681+0000] {taskinstance.py:1206} INFO - Marking task as FAILED. dag_id=Airflow_Employee_Productivity, task_id=load_model_task, run_id=manual__2025-12-02T01:21:35.523504+00:00, execution_date=20251202T012135, start_date=20251202T012141, end_date=20251202T012141
[2025-12-02T01:21:41.686+0000] {standard_task_runner.py:110} ERROR - Failed to execute job 20 for task load_model_task ("None of [Index(['Hours_Worked', 'Tasks_Completed', 'Errors_Made', 'Productivity_Score'], dtype='object')] are in the [columns]"; 169)
[2025-12-02T01:21:41.712+0000] {local_task_job_runner.py:240} INFO - Task exited with return code 1
[2025-12-02T01:21:41.718+0000] {taskinstance.py:3503} INFO - 0 downstream tasks scheduled from follow-on schedule check
[2025-12-02T01:21:41.718+0000] {local_task_job_runner.py:222} INFO - ::endgroup::
